<?xml version="1.0" encoding="UTF-8"?>
<!-- Generated by org.testng.reporters.JUnitReportReporter -->
<testsuite hostname="LAPTOP-P68MVO59" failures="0" tests="1" name="RunnerClass.Runner" time="7.323" errors="0" timestamp="2023-01-27T17:55:21 IST" skipped="0">
  <testcase classname="RunnerClass.Runner" name="runScenario" time="7.323"/>
  <system-out/>
</testsuite> <!-- RunnerClass.Runner -->
