<?xml version="1.0" encoding="UTF-8"?>
<!-- Generated by org.testng.reporters.JUnitReportReporter -->
<testsuite hostname="LAPTOP-P68MVO59" failures="0" tests="1" name="com.restassured.GetRequest" time="2.719" errors="0" timestamp="2023-01-28T17:05:38 IST" skipped="0">
  <testcase classname="com.restassured.GetRequest" name="getMethod" time="2.719"/>
  <system-out/>
</testsuite> <!-- com.restassured.GetRequest -->
