<?xml version="1.0" encoding="UTF-8"?>
<!-- Generated by org.testng.reporters.JUnitReportReporter -->
<testsuite hostname="LAPTOP-P68MVO59" failures="0" tests="1" name="com.nyka.Nyka" time="25.042" errors="0" timestamp="2023-01-30T17:58:24 IST" skipped="0">
  <testcase classname="com.nyka.Nyka" name="Product_select" time="25.042"/>
  <system-out/>
</testsuite> <!-- com.nyka.Nyka -->
